0 info it worked if it ends with ok
1 verbose cli [ '/mnt/big/usr/bin/nodejs',
1 verbose cli   '/home/ioti/django/newdonations/tracker_ui/node_modules/.bin/npm',
1 verbose cli   'run',
1 verbose cli   'tests' ]
2 info using npm@3.7.3
3 info using node@v4.3.1
4 verbose run-script [ 'pretests', 'tests', 'posttests' ]
5 info lifecycle donation_tracker@0.1.0~pretests: donation_tracker@0.1.0
6 silly lifecycle donation_tracker@0.1.0~pretests: no script for pretests, continuing
7 info lifecycle donation_tracker@0.1.0~tests: donation_tracker@0.1.0
8 verbose lifecycle donation_tracker@0.1.0~tests: unsafe-perm in lifecycle true
9 verbose lifecycle donation_tracker@0.1.0~tests: PATH: /home/ioti/django/newdonations/tracker_ui/node_modules/npm/bin/node-gyp-bin:/home/ioti/django/newdonations/tracker_ui/node_modules/.bin:/mnt/big/usr/bin:/home/ioti/django/newdonations/tracker_ui/node_modules/.bin:/home/ioti/django/newdonations/.direnv/python-2.7.11/bin:/home/ioti/bin:/home/ioti/venv/bin:/home/ioti/bin:/home/ioti/bin/node_modules/.bin:/usr/local/bin:/usr/bin:/bin:/usr/local/games:/usr/games
10 verbose lifecycle donation_tracker@0.1.0~tests: CWD: /home/ioti/django/newdonations/tracker_ui
11 silly lifecycle donation_tracker@0.1.0~tests: Args: [ '-c', 'karma start' ]
12 silly lifecycle donation_tracker@0.1.0~tests: Returned: code: 1  signal: null
13 info lifecycle donation_tracker@0.1.0~tests: Failed to exec tests script
14 verbose stack Error: donation_tracker@0.1.0 tests: `karma start`
14 verbose stack Exit status 1
14 verbose stack     at EventEmitter.<anonymous> (/home/ioti/django/newdonations/tracker_ui/node_modules/npm/lib/utils/lifecycle.js:239:16)
14 verbose stack     at emitTwo (events.js:87:13)
14 verbose stack     at EventEmitter.emit (events.js:172:7)
14 verbose stack     at ChildProcess.<anonymous> (/home/ioti/django/newdonations/tracker_ui/node_modules/npm/lib/utils/spawn.js:24:14)
14 verbose stack     at emitTwo (events.js:87:13)
14 verbose stack     at ChildProcess.emit (events.js:172:7)
14 verbose stack     at maybeClose (internal/child_process.js:821:16)
14 verbose stack     at Process.ChildProcess._handle.onexit (internal/child_process.js:211:5)
15 verbose pkgid donation_tracker@0.1.0
16 verbose cwd /home/ioti/django/newdonations/tracker_ui
17 error Linux 4.3.0-1-686-pae
18 error argv "/mnt/big/usr/bin/nodejs" "/home/ioti/django/newdonations/tracker_ui/node_modules/.bin/npm" "run" "tests"
19 error node v4.3.1
20 error npm  v3.7.3
21 error code ELIFECYCLE
22 error donation_tracker@0.1.0 tests: `karma start`
22 error Exit status 1
23 error Failed at the donation_tracker@0.1.0 tests script 'karma start'.
23 error Make sure you have the latest version of node.js and npm installed.
23 error If you do, this is most likely a problem with the donation_tracker package,
23 error not with npm itself.
23 error Tell the author that this fails on your system:
23 error     karma start
23 error You can get information on how to open an issue for this project with:
23 error     npm bugs donation_tracker
23 error Or if that isn't available, you can get their info via:
23 error     npm owner ls donation_tracker
23 error There is likely additional logging output above.
24 verbose exit [ 1, true ]
